<?xml version="1.0" encoding="UTF-8"?>
<testng-results skipped="0" failed="0" ignored="0" total="1" passed="1">
  <reporter-output>
  </reporter-output>
  <suite name="MyFrameworkV1" duration-ms="15396" started-at="2020-03-25T09:27:37Z" finished-at="2020-03-25T09:27:53Z">
    <groups>
    </groups>
    <test name="BankingApp Test" duration-ms="15396" started-at="2020-03-25T09:27:37Z" finished-at="2020-03-25T09:27:53Z">
      <class name="com.automationsite.testCases.TC_LoginTest_01">
        <test-method status="PASS" signature="setUp(java.lang.String)[pri:0, instance:com.automationsite.testCases.TC_LoginTest_01@96532d6]" name="setUp" is-config="true" duration-ms="11173" started-at="2020-03-25T09:27:38Z" finished-at="2020-03-25T09:27:49Z">
          <params>
            <param index="0">
              <value>
                <![CDATA[chrome]]>
              </value>
            </param>
          </params>
          <reporter-output>
          </reporter-output>
        </test-method> <!-- setUp -->
        <test-method status="PASS" signature="loginTest()[pri:0, instance:com.automationsite.testCases.TC_LoginTest_01@96532d6]" name="loginTest" duration-ms="3238" started-at="2020-03-25T09:27:49Z" finished-at="2020-03-25T09:27:52Z">
          <reporter-output>
          </reporter-output>
        </test-method> <!-- loginTest -->
        <test-method status="PASS" signature="tearDown()[pri:0, instance:com.automationsite.testCases.TC_LoginTest_01@96532d6]" name="tearDown" is-config="true" duration-ms="610" started-at="2020-03-25T09:27:52Z" finished-at="2020-03-25T09:27:53Z">
          <reporter-output>
          </reporter-output>
        </test-method> <!-- tearDown -->
      </class> <!-- com.automationsite.testCases.TC_LoginTest_01 -->
    </test> <!-- BankingApp Test -->
  </suite> <!-- MyFrameworkV1 -->
</testng-results>
